<?xml version="1.0" encoding="UTF-8"?>
<coverage generated="1737636424365" clover="3.2.0">
  <project timestamp="1737636424365" name="All files">
    <metrics statements="186" coveredstatements="133" conditionals="61" coveredconditionals="38" methods="27" coveredmethods="24" elements="274" coveredelements="195" complexity="0" loc="186" ncloc="186" packages="1" files="6" classes="6"/>
    <file name="config-formatter.ts" path="/Users/aaro.korhonen@schibsted.com/TenPercent/configate-trace/src/config-formatter.ts">
      <metrics statements="18" coveredstatements="18" conditionals="1" coveredconditionals="1" methods="2" coveredmethods="2"/>
      <line num="1" count="1" type="stmt"/>
      <line num="4" count="1" type="stmt"/>
      <line num="6" count="2" type="stmt"/>
      <line num="8" count="2" type="stmt"/>
      <line num="11" count="2" type="stmt"/>
      <line num="12" count="4" type="stmt"/>
      <line num="13" count="5" type="cond" truecount="1" falsecount="0"/>
      <line num="14" count="3" type="stmt"/>
      <line num="16" count="5" type="stmt"/>
      <line num="21" count="2" type="stmt"/>
      <line num="22" count="2" type="stmt"/>
      <line num="23" count="3" type="stmt"/>
      <line num="24" count="3" type="stmt"/>
      <line num="25" count="3" type="stmt"/>
      <line num="26" count="5" type="stmt"/>
      <line num="28" count="3" type="stmt"/>
      <line num="31" count="2" type="stmt"/>
      <line num="35" count="3" type="stmt"/>
    </file>
    <file name="config-loader.ts" path="/Users/aaro.korhonen@schibsted.com/TenPercent/configate-trace/src/config-loader.ts">
      <metrics statements="66" coveredstatements="65" conditionals="18" coveredconditionals="18" methods="10" coveredmethods="10"/>
      <line num="1" count="1" type="stmt"/>
      <line num="2" count="1" type="stmt"/>
      <line num="4" count="1" type="stmt"/>
      <line num="5" count="1" type="stmt"/>
      <line num="6" count="1" type="stmt"/>
      <line num="8" count="1" type="stmt"/>
      <line num="9" count="6" type="stmt"/>
      <line num="10" count="6" type="stmt"/>
      <line num="11" count="6" type="stmt"/>
      <line num="15" count="1" type="stmt"/>
      <line num="19" count="14" type="stmt"/>
      <line num="24" count="14" type="stmt"/>
      <line num="25" count="11" type="stmt"/>
      <line num="26" count="11" type="stmt"/>
      <line num="27" count="11" type="stmt"/>
      <line num="28" count="11" type="stmt"/>
      <line num="29" count="11" type="stmt"/>
      <line num="33" count="14" type="cond" truecount="1" falsecount="0"/>
      <line num="34" count="1" type="stmt"/>
      <line num="36" count="13" type="cond" truecount="1" falsecount="0"/>
      <line num="37" count="1" type="stmt"/>
      <line num="39" count="12" type="cond" truecount="3" falsecount="0"/>
      <line num="40" count="1" type="stmt"/>
      <line num="45" count="8" type="cond" truecount="1" falsecount="0"/>
      <line num="46" count="6" type="stmt"/>
      <line num="51" count="49" type="stmt"/>
      <line num="52" count="49" type="stmt"/>
      <line num="53" count="6" type="stmt"/>
      <line num="55" count="43" type="stmt"/>
      <line num="60" count="45" type="cond" truecount="5" falsecount="0"/>
      <line num="62" count="9" type="stmt"/>
      <line num="64" count="9" type="stmt"/>
      <line num="66" count="9" type="stmt"/>
      <line num="68" count="9" type="stmt"/>
      <line num="70" count="9" type="stmt"/>
      <line num="75" count="4" type="stmt"/>
      <line num="76" count="4" type="stmt"/>
      <line num="77" count="4" type="stmt"/>
      <line num="86" count="4" type="cond" truecount="1" falsecount="0"/>
      <line num="87" count="1" type="stmt"/>
      <line num="90" count="3" type="stmt"/>
      <line num="91" count="15" type="stmt"/>
      <line num="92" count="45" type="stmt"/>
      <line num="93" count="45" type="stmt"/>
      <line num="95" count="45" type="cond" truecount="1" falsecount="0"/>
      <line num="96" count="3" type="stmt"/>
      <line num="97" count="3" type="stmt"/>
      <line num="106" count="3" type="stmt"/>
      <line num="108" count="1" type="cond" truecount="1" falsecount="0"/>
      <line num="109" count="0" type="stmt"/>
      <line num="114" count="5" type="stmt"/>
      <line num="116" count="5" type="stmt"/>
      <line num="119" count="5" type="cond" truecount="3" falsecount="0"/>
      <line num="121" count="3" type="stmt"/>
      <line num="122" count="3" type="stmt"/>
      <line num="123" count="2" type="stmt"/>
      <line num="126" count="2" type="stmt"/>
      <line num="127" count="2" type="stmt"/>
      <line num="128" count="1" type="stmt"/>
      <line num="131" count="3" type="cond" truecount="1" falsecount="0"/>
      <line num="133" count="1" type="stmt"/>
      <line num="136" count="3" type="stmt"/>
      <line num="137" count="3" type="stmt"/>
      <line num="139" count="2" type="stmt"/>
      <line num="147" count="1" type="stmt"/>
      <line num="151" count="1" type="stmt"/>
    </file>
    <file name="config-merger.ts" path="/Users/aaro.korhonen@schibsted.com/TenPercent/configate-trace/src/config-merger.ts">
      <metrics statements="22" coveredstatements="22" conditionals="11" coveredconditionals="10" methods="7" coveredmethods="7"/>
      <line num="3" count="2" type="stmt"/>
      <line num="4" count="17" type="stmt"/>
      <line num="7" count="18" type="stmt"/>
      <line num="8" count="24" type="stmt"/>
      <line num="9" count="24" type="cond" truecount="2" falsecount="0"/>
      <line num="11" count="24" type="cond" truecount="5" falsecount="0"/>
      <line num="12" count="6" type="stmt"/>
      <line num="14" count="18" type="stmt"/>
      <line num="23" count="12" type="stmt"/>
      <line num="27" count="5" type="stmt"/>
      <line num="31" count="2" type="stmt"/>
      <line num="33" count="2" type="stmt"/>
      <line num="34" count="3" type="stmt"/>
      <line num="35" count="3" type="stmt"/>
      <line num="37" count="3" type="stmt"/>
      <line num="38" count="8" type="cond" truecount="2" falsecount="0"/>
      <line num="39" count="8" type="cond" truecount="1" falsecount="0"/>
      <line num="40" count="5" type="stmt"/>
      <line num="42" count="8" type="stmt"/>
      <line num="46" count="2" type="stmt"/>
      <line num="47" count="5" type="stmt"/>
      <line num="52" count="1" type="stmt"/>
    </file>
    <file name="env-loader.ts" path="/Users/aaro.korhonen@schibsted.com/TenPercent/configate-trace/src/env-loader.ts">
      <metrics statements="28" coveredstatements="28" conditionals="10" coveredconditionals="9" methods="5" coveredmethods="5"/>
      <line num="1" count="2" type="stmt"/>
      <line num="5" count="21" type="cond" truecount="2" falsecount="0"/>
      <line num="9" count="15" type="stmt"/>
      <line num="13" count="9" type="stmt"/>
      <line num="15" count="9" type="stmt"/>
      <line num="16" count="13" type="stmt"/>
      <line num="17" count="13" type="cond" truecount="1" falsecount="0"/>
      <line num="18" count="11" type="stmt"/>
      <line num="22" count="8" type="stmt"/>
      <line num="26" count="11" type="stmt"/>
      <line num="28" count="11" type="stmt"/>
      <line num="29" count="9" type="stmt"/>
      <line num="30" count="9" type="cond" truecount="2" falsecount="0"/>
      <line num="31" count="6" type="stmt"/>
      <line num="32" count="3" type="cond" truecount="1" falsecount="0"/>
      <line num="33" count="1" type="stmt"/>
      <line num="35" count="8" type="stmt"/>
      <line num="38" count="10" type="stmt"/>
      <line num="39" count="10" type="stmt"/>
      <line num="44" count="10" type="cond" truecount="1" falsecount="0"/>
      <line num="45" count="2" type="stmt"/>
      <line num="47" count="8" type="cond" truecount="1" falsecount="0"/>
      <line num="48" count="1" type="stmt"/>
      <line num="52" count="7" type="cond" truecount="1" falsecount="0"/>
      <line num="53" count="6" type="cond" truecount="0" falsecount="1"/>
      <line num="56" count="6" type="stmt"/>
      <line num="57" count="6" type="stmt"/>
      <line num="60" count="5" type="stmt"/>
    </file>
    <file name="index.ts" path="/Users/aaro.korhonen@schibsted.com/TenPercent/configate-trace/src/index.ts">
      <metrics statements="37" coveredstatements="0" conditionals="15" coveredconditionals="0" methods="1" coveredmethods="0"/>
      <line num="1" count="0" type="stmt"/>
      <line num="2" count="0" type="stmt"/>
      <line num="3" count="0" type="stmt"/>
      <line num="4" count="0" type="stmt"/>
      <line num="6" count="0" type="stmt"/>
      <line num="8" count="0" type="stmt"/>
      <line num="10" count="0" type="stmt"/>
      <line num="19" count="0" type="stmt"/>
      <line num="20" count="0" type="stmt"/>
      <line num="21" count="0" type="stmt"/>
      <line num="23" count="0" type="cond" truecount="0" falsecount="1"/>
      <line num="24" count="0" type="stmt"/>
      <line num="25" count="0" type="stmt"/>
      <line num="28" count="0" type="stmt"/>
      <line num="31" count="0" type="stmt"/>
      <line num="32" count="0" type="stmt"/>
      <line num="33" count="0" type="stmt"/>
      <line num="34" count="0" type="cond" truecount="0" falsecount="1"/>
      <line num="35" count="0" type="stmt"/>
      <line num="38" count="0" type="stmt"/>
      <line num="39" count="0" type="cond" truecount="0" falsecount="2"/>
      <line num="40" count="0" type="stmt"/>
      <line num="41" count="0" type="stmt"/>
      <line num="42" count="0" type="cond" truecount="0" falsecount="1"/>
      <line num="43" count="0" type="stmt"/>
      <line num="46" count="0" type="cond" truecount="0" falsecount="2"/>
      <line num="52" count="0" type="cond" truecount="0" falsecount="1"/>
      <line num="53" count="0" type="stmt"/>
      <line num="57" count="0" type="cond" truecount="0" falsecount="2"/>
      <line num="61" count="0" type="stmt"/>
      <line num="63" count="0" type="cond" truecount="0" falsecount="2"/>
      <line num="64" count="0" type="stmt"/>
      <line num="65" count="0" type="cond" truecount="0" falsecount="1"/>
      <line num="66" count="0" type="stmt"/>
      <line num="69" count="0" type="cond" truecount="0" falsecount="2"/>
      <line num="71" count="0" type="stmt"/>
      <line num="75" count="0" type="stmt"/>
    </file>
    <file name="module-loader.ts" path="/Users/aaro.korhonen@schibsted.com/TenPercent/configate-trace/src/module-loader.ts">
      <metrics statements="15" coveredstatements="0" conditionals="6" coveredconditionals="0" methods="2" coveredmethods="0"/>
      <line num="1" count="0" type="stmt"/>
      <line num="2" count="0" type="stmt"/>
      <line num="4" count="0" type="stmt"/>
      <line num="5" count="0" type="stmt"/>
      <line num="8" count="0" type="cond" truecount="0" falsecount="1"/>
      <line num="9" count="0" type="stmt"/>
      <line num="16" count="0" type="stmt"/>
      <line num="21" count="0" type="stmt"/>
      <line num="23" count="0" type="cond" truecount="0" falsecount="1"/>
      <line num="24" count="0" type="stmt"/>
      <line num="27" count="0" type="stmt"/>
      <line num="29" count="0" type="stmt"/>
      <line num="31" count="0" type="stmt"/>
      <line num="32" count="0" type="cond" truecount="0" falsecount="2"/>
      <line num="34" count="0" type="cond" truecount="0" falsecount="2"/>
    </file>
  </project>
</coverage>
