{"/Users/aaro.korhonen@schibsted.com/TenPercent/configate-trace/src/config-formatter.ts": {"path":"/Users/aaro.korhonen@schibsted.com/TenPercent/configate-trace/src/config-formatter.ts","statementMap":{"0":{"start":{"line":1,"column":0},"end":{"line":1,"column":26}},"1":{"start":{"line":6,"column":29},"end":{"line":6,"column":100}},"2":{"start":{"line":8,"column":25},"end":{"line":8,"column":55}},"3":{"start":{"line":11,"column":4},"end":{"line":18,"column":5}},"4":{"start":{"line":12,"column":6},"end":{"line":17,"column":7}},"5":{"start":{"line":13,"column":8},"end":{"line":15,"column":9}},"6":{"start":{"line":14,"column":10},"end":{"line":14,"column":46}},"7":{"start":{"line":16,"column":8},"end":{"line":16,"column":48}},"8":{"start":{"line":21,"column":26},"end":{"line":21,"column":64}},"9":{"start":{"line":22,"column":4},"end":{"line":29,"column":5}},"10":{"start":{"line":23,"column":6},"end":{"line":23,"column":45}},"11":{"start":{"line":24,"column":25},"end":{"line":24,"column":69}},"12":{"start":{"line":25,"column":6},"end":{"line":27,"column":7}},"13":{"start":{"line":26,"column":8},"end":{"line":26,"column":37}},"14":{"start":{"line":28,"column":6},"end":{"line":28,"column":22}},"15":{"start":{"line":31,"column":4},"end":{"line":31,"column":29}},"16":{"start":{"line":35,"column":4},"end":{"line":35,"column":46}},"17":{"start":{"line":4,"column":0},"end":{"line":4,"column":13}}},"fnMap":{"0":{"name":"(anonymous_1)","decl":{"start":{"line":5,"column":9},"end":{"line":5,"column":15}},"loc":{"start":{"line":5,"column":64},"end":{"line":32,"column":3}}},"1":{"name":"(anonymous_2)","decl":{"start":{"line":34,"column":9},"end":{"line":34,"column":15}},"loc":{"start":{"line":34,"column":49},"end":{"line":36,"column":3}}}},"branchMap":{"0":{"loc":{"start":{"line":13,"column":8},"end":{"line":15,"column":9}},"type":"if","locations":[{"start":{"line":13,"column":8},"end":{"line":15,"column":9}}]}},"s":{"0":1,"1":2,"2":2,"3":2,"4":4,"5":5,"6":3,"7":5,"8":2,"9":2,"10":3,"11":3,"12":3,"13":5,"14":3,"15":2,"16":3,"17":1},"f":{"0":2,"1":3},"b":{"0":[3]}}
,"/Users/aaro.korhonen@schibsted.com/TenPercent/configate-trace/src/config-loader.ts": {"path":"/Users/aaro.korhonen@schibsted.com/TenPercent/configate-trace/src/config-loader.ts","statementMap":{"0":{"start":{"line":1,"column":0},"end":{"line":1,"column":20}},"1":{"start":{"line":2,"column":0},"end":{"line":2,"column":24}},"2":{"start":{"line":4,"column":0},"end":{"line":4,"column":47}},"3":{"start":{"line":5,"column":0},"end":{"line":5,"column":47}},"4":{"start":{"line":6,"column":0},"end":{"line":6,"column":41}},"5":{"start":{"line":10,"column":4},"end":{"line":10,"column":19}},"6":{"start":{"line":9,"column":47},"end":{"line":9,"column":60}},"7":{"start":{"line":11,"column":4},"end":{"line":11,"column":30}},"8":{"start":{"line":8,"column":0},"end":{"line":8,"column":13}},"9":{"start":{"line":19,"column":19},"end":{"line":19,"column":79}},"10":{"start":{"line":24,"column":4},"end":{"line":24,"column":34}},"11":{"start":{"line":25,"column":4},"end":{"line":25,"column":35}},"12":{"start":{"line":26,"column":4},"end":{"line":26,"column":43}},"13":{"start":{"line":27,"column":4},"end":{"line":27,"column":35}},"14":{"start":{"line":28,"column":4},"end":{"line":28,"column":37}},"15":{"start":{"line":29,"column":4},"end":{"line":29,"column":37}},"16":{"start":{"line":33,"column":4},"end":{"line":35,"column":5}},"17":{"start":{"line":34,"column":6},"end":{"line":34,"column":55}},"18":{"start":{"line":36,"column":4},"end":{"line":38,"column":5}},"19":{"start":{"line":37,"column":6},"end":{"line":37,"column":55}},"20":{"start":{"line":39,"column":4},"end":{"line":41,"column":5}},"21":{"start":{"line":40,"column":6},"end":{"line":40,"column":70}},"22":{"start":{"line":45,"column":4},"end":{"line":47,"column":5}},"23":{"start":{"line":46,"column":6},"end":{"line":46,"column":27}},"24":{"start":{"line":51,"column":4},"end":{"line":56,"column":5}},"25":{"start":{"line":52,"column":6},"end":{"line":52,"column":60}},"26":{"start":{"line":53,"column":6},"end":{"line":53,"column":18}},"27":{"start":{"line":55,"column":6},"end":{"line":55,"column":19}},"28":{"start":{"line":60,"column":4},"end":{"line":71,"column":5}},"29":{"start":{"line":62,"column":8},"end":{"line":62,"column":37}},"30":{"start":{"line":64,"column":8},"end":{"line":64,"column":49}},"31":{"start":{"line":66,"column":8},"end":{"line":66,"column":35}},"32":{"start":{"line":68,"column":8},"end":{"line":68,"column":55}},"33":{"start":{"line":70,"column":8},"end":{"line":70,"column":58}},"34":{"start":{"line":75,"column":4},"end":{"line":110,"column":5}},"35":{"start":{"line":76,"column":40},"end":{"line":76,"column":42}},"36":{"start":{"line":77,"column":38},"end":{"line":83,"column":8}},"37":{"start":{"line":86,"column":6},"end":{"line":88,"column":7}},"38":{"start":{"line":87,"column":8},"end":{"line":87,"column":80}},"39":{"start":{"line":90,"column":6},"end":{"line":104,"column":7}},"40":{"start":{"line":91,"column":8},"end":{"line":103,"column":9}},"41":{"start":{"line":92,"column":27},"end":{"line":92,"column":66}},"42":{"start":{"line":93,"column":27},"end":{"line":93,"column":63}},"43":{"start":{"line":95,"column":10},"end":{"line":102,"column":11}},"44":{"start":{"line":96,"column":12},"end":{"line":96,"column":55}},"45":{"start":{"line":97,"column":12},"end":{"line":101,"column":15}},"46":{"start":{"line":106,"column":6},"end":{"line":106,"column":25}},"47":{"start":{"line":108,"column":6},"end":{"line":108,"column":52}},"48":{"start":{"line":108,"column":40},"end":{"line":108,"column":52}},"49":{"start":{"line":109,"column":6},"end":{"line":109,"column":79}},"50":{"start":{"line":114,"column":4},"end":{"line":114,"column":56}},"51":{"start":{"line":116,"column":4},"end":{"line":143,"column":5}},"52":{"start":{"line":119,"column":6},"end":{"line":129,"column":7}},"53":{"start":{"line":121,"column":30},"end":{"line":121,"column":82}},"54":{"start":{"line":122,"column":10},"end":{"line":122,"column":44}},"55":{"start":{"line":123,"column":10},"end":{"line":123,"column":16}},"56":{"start":{"line":126,"column":31},"end":{"line":126,"column":60}},"57":{"start":{"line":127,"column":10},"end":{"line":127,"column":64}},"58":{"start":{"line":128,"column":10},"end":{"line":128,"column":16}},"59":{"start":{"line":131,"column":6},"end":{"line":134,"column":7}},"60":{"start":{"line":133,"column":8},"end":{"line":133,"column":58}},"61":{"start":{"line":136,"column":6},"end":{"line":136,"column":50}},"62":{"start":{"line":137,"column":6},"end":{"line":137,"column":21}},"63":{"start":{"line":139,"column":6},"end":{"line":142,"column":8}},"64":{"start":{"line":147,"column":4},"end":{"line":147,"column":38}},"65":{"start":{"line":151,"column":4},"end":{"line":151,"column":46}},"66":{"start":{"line":15,"column":0},"end":{"line":15,"column":13}}},"fnMap":{"0":{"name":"(anonymous_1)","decl":{"start":{"line":9,"column":2},"end":{"line":9,"column":14}},"loc":{"start":{"line":9,"column":60},"end":{"line":12,"column":3}}},"1":{"name":"(anonymous_2)","decl":{"start":{"line":23,"column":2},"end":{"line":23,"column":14}},"loc":{"start":{"line":23,"column":36},"end":{"line":30,"column":3}}},"2":{"name":"(anonymous_3)","decl":{"start":{"line":32,"column":10},"end":{"line":32,"column":25}},"loc":{"start":{"line":32,"column":48},"end":{"line":42,"column":3}}},"3":{"name":"(anonymous_4)","decl":{"start":{"line":44,"column":10},"end":{"line":44,"column":13}},"loc":{"start":{"line":44,"column":29},"end":{"line":48,"column":3}}},"4":{"name":"(anonymous_5)","decl":{"start":{"line":50,"column":10},"end":{"line":50,"column":15}},"loc":{"start":{"line":50,"column":43},"end":{"line":57,"column":3}}},"5":{"name":"(anonymous_6)","decl":{"start":{"line":59,"column":10},"end":{"line":59,"column":27}},"loc":{"start":{"line":59,"column":80},"end":{"line":72,"column":3}}},"6":{"name":"(anonymous_7)","decl":{"start":{"line":74,"column":9},"end":{"line":74,"column":14}},"loc":{"start":{"line":74,"column":34},"end":{"line":111,"column":3}}},"7":{"name":"(anonymous_8)","decl":{"start":{"line":113,"column":9},"end":{"line":113,"column":14}},"loc":{"start":{"line":113,"column":52},"end":{"line":144,"column":3}}},"8":{"name":"(anonymous_9)","decl":{"start":{"line":146,"column":9},"end":{"line":146,"column":21}},"loc":{"start":{"line":146,"column":21},"end":{"line":148,"column":3}}},"9":{"name":"(anonymous_10)","decl":{"start":{"line":150,"column":9},"end":{"line":150,"column":29}},"loc":{"start":{"line":150,"column":29},"end":{"line":152,"column":3}}}},"branchMap":{"0":{"loc":{"start":{"line":33,"column":4},"end":{"line":35,"column":5}},"type":"if","locations":[{"start":{"line":33,"column":4},"end":{"line":35,"column":5}}]},"1":{"loc":{"start":{"line":36,"column":4},"end":{"line":38,"column":5}},"type":"if","locations":[{"start":{"line":36,"column":4},"end":{"line":38,"column":5}}]},"2":{"loc":{"start":{"line":39,"column":4},"end":{"line":41,"column":5}},"type":"if","locations":[{"start":{"line":39,"column":4},"end":{"line":41,"column":5}}]},"3":{"loc":{"start":{"line":39,"column":8},"end":{"line":39,"column":68}},"type":"binary-expr","locations":[{"start":{"line":39,"column":8},"end":{"line":39,"column":22}},{"start":{"line":39,"column":26},"end":{"line":39,"column":68}}]},"4":{"loc":{"start":{"line":45,"column":4},"end":{"line":47,"column":5}},"type":"if","locations":[{"start":{"line":45,"column":4},"end":{"line":47,"column":5}}]},"5":{"loc":{"start":{"line":60,"column":4},"end":{"line":71,"column":5}},"type":"switch","locations":[{"start":{"line":61,"column":6},"end":{"line":62,"column":37}},{"start":{"line":63,"column":6},"end":{"line":64,"column":49}},{"start":{"line":65,"column":6},"end":{"line":66,"column":35}},{"start":{"line":67,"column":6},"end":{"line":68,"column":55}},{"start":{"line":69,"column":6},"end":{"line":70,"column":58}}]},"6":{"loc":{"start":{"line":86,"column":6},"end":{"line":88,"column":7}},"type":"if","locations":[{"start":{"line":86,"column":6},"end":{"line":88,"column":7}}]},"7":{"loc":{"start":{"line":95,"column":10},"end":{"line":102,"column":11}},"type":"if","locations":[{"start":{"line":95,"column":10},"end":{"line":102,"column":11}}]},"8":{"loc":{"start":{"line":108,"column":6},"end":{"line":108,"column":52}},"type":"if","locations":[{"start":{"line":108,"column":6},"end":{"line":108,"column":52}}]},"9":{"loc":{"start":{"line":119,"column":6},"end":{"line":129,"column":7}},"type":"switch","locations":[{"start":{"line":120,"column":8},"end":{"line":123,"column":16}},{"start":{"line":124,"column":8},"end":{"line":124,"column":19}},{"start":{"line":125,"column":8},"end":{"line":128,"column":16}}]},"10":{"loc":{"start":{"line":131,"column":6},"end":{"line":134,"column":7}},"type":"if","locations":[{"start":{"line":131,"column":6},"end":{"line":134,"column":7}}]}},"s":{"0":1,"1":1,"2":1,"3":1,"4":1,"5":6,"6":6,"7":6,"8":1,"9":14,"10":14,"11":11,"12":11,"13":11,"14":11,"15":11,"16":14,"17":1,"18":13,"19":1,"20":12,"21":1,"22":8,"23":6,"24":49,"25":49,"26":6,"27":43,"28":45,"29":9,"30":9,"31":9,"32":9,"33":9,"34":4,"35":4,"36":4,"37":4,"38":1,"39":3,"40":15,"41":45,"42":45,"43":45,"44":3,"45":3,"46":3,"47":1,"48":1,"49":0,"50":5,"51":5,"52":5,"53":3,"54":3,"55":2,"56":2,"57":2,"58":1,"59":3,"60":1,"61":3,"62":3,"63":2,"64":1,"65":1,"66":1},"f":{"0":6,"1":14,"2":14,"3":8,"4":49,"5":45,"6":4,"7":5,"8":1,"9":1},"b":{"0":[1],"1":[1],"2":[1],"3":[12,12],"4":[6],"5":[9,9,9,9,9],"6":[1],"7":[3],"8":[1],"9":[3,2,2],"10":[1]}}
,"/Users/aaro.korhonen@schibsted.com/TenPercent/configate-trace/src/config-merger.ts": {"path":"/Users/aaro.korhonen@schibsted.com/TenPercent/configate-trace/src/config-merger.ts","statementMap":{"0":{"start":{"line":4,"column":10},"end":{"line":4,"column":36}},"1":{"start":{"line":7,"column":4},"end":{"line":19,"column":5}},"2":{"start":{"line":8,"column":20},"end":{"line":8,"column":28}},"3":{"start":{"line":9,"column":23},"end":{"line":9,"column":56}},"4":{"start":{"line":11,"column":6},"end":{"line":18,"column":7}},"5":{"start":{"line":12,"column":8},"end":{"line":12,"column":52}},"6":{"start":{"line":14,"column":8},"end":{"line":17,"column":10}},"7":{"start":{"line":23,"column":4},"end":{"line":23,"column":43}},"8":{"start":{"line":27,"column":4},"end":{"line":27,"column":26}},"9":{"start":{"line":31,"column":51},"end":{"line":31,"column":53}},"10":{"start":{"line":33,"column":4},"end":{"line":44,"column":5}},"11":{"start":{"line":34,"column":20},"end":{"line":34,"column":35}},"12":{"start":{"line":35,"column":24},"end":{"line":35,"column":26}},"13":{"start":{"line":37,"column":6},"end":{"line":43,"column":7}},"14":{"start":{"line":38,"column":8},"end":{"line":38,"column":68}},"15":{"start":{"line":39,"column":8},"end":{"line":41,"column":9}},"16":{"start":{"line":40,"column":10},"end":{"line":40,"column":45}},"17":{"start":{"line":42,"column":8},"end":{"line":42,"column":43}},"18":{"start":{"line":46,"column":4},"end":{"line":48,"column":6}},"19":{"start":{"line":47,"column":54},"end":{"line":47,"column":78}},"20":{"start":{"line":52,"column":4},"end":{"line":52,"column":33}},"21":{"start":{"line":3,"column":0},"end":{"line":3,"column":13}}},"fnMap":{"0":{"name":"(anonymous_0)","decl":{"start":{"line":3,"column":0},"end":{"line":3,"column":13}},"loc":{"start":{"line":3,"column":0},"end":{"line":54,"column":1}}},"1":{"name":"(anonymous_1)","decl":{"start":{"line":6,"column":10},"end":{"line":6,"column":23}},"loc":{"start":{"line":6,"column":61},"end":{"line":20,"column":3}}},"2":{"name":"(anonymous_2)","decl":{"start":{"line":22,"column":9},"end":{"line":22,"column":14}},"loc":{"start":{"line":22,"column":42},"end":{"line":24,"column":3}}},"3":{"name":"(anonymous_3)","decl":{"start":{"line":26,"column":9},"end":{"line":26,"column":21}},"loc":{"start":{"line":26,"column":21},"end":{"line":28,"column":3}}},"4":{"name":"(anonymous_4)","decl":{"start":{"line":30,"column":9},"end":{"line":30,"column":29}},"loc":{"start":{"line":30,"column":29},"end":{"line":49,"column":3}}},"5":{"name":"(anonymous_5)","decl":{"start":{"line":47,"column":36},"end":{"line":47,"column":37}},"loc":{"start":{"line":47,"column":54},"end":{"line":47,"column":78}}},"6":{"name":"(anonymous_6)","decl":{"start":{"line":51,"column":9},"end":{"line":51,"column":23}},"loc":{"start":{"line":51,"column":23},"end":{"line":53,"column":3}}}},"branchMap":{"0":{"loc":{"start":{"line":6,"column":34},"end":{"line":6,"column":45}},"type":"default-arg","locations":[{"start":{"line":6,"column":43},"end":{"line":6,"column":45}}]},"1":{"loc":{"start":{"line":9,"column":23},"end":{"line":9,"column":56}},"type":"cond-expr","locations":[{"start":{"line":9,"column":32},"end":{"line":9,"column":50}},{"start":{"line":9,"column":53},"end":{"line":9,"column":56}}]},"2":{"loc":{"start":{"line":11,"column":6},"end":{"line":18,"column":7}},"type":"if","locations":[{"start":{"line":11,"column":6},"end":{"line":18,"column":7}},{"start":{"line":13,"column":13},"end":{"line":18,"column":7}}]},"3":{"loc":{"start":{"line":11,"column":10},"end":{"line":11,"column":78}},"type":"binary-expr","locations":[{"start":{"line":11,"column":10},"end":{"line":11,"column":24}},{"start":{"line":11,"column":28},"end":{"line":11,"column":53}},{"start":{"line":11,"column":57},"end":{"line":11,"column":78}}]},"4":{"loc":{"start":{"line":38,"column":22},"end":{"line":38,"column":67}},"type":"cond-expr","locations":[{"start":{"line":38,"column":36},"end":{"line":38,"column":60}},{"start":{"line":38,"column":63},"end":{"line":38,"column":67}}]},"5":{"loc":{"start":{"line":39,"column":8},"end":{"line":41,"column":9}},"type":"if","locations":[{"start":{"line":39,"column":8},"end":{"line":41,"column":9}}]}},"s":{"0":17,"1":18,"2":24,"3":24,"4":24,"5":6,"6":18,"7":12,"8":5,"9":2,"10":2,"11":3,"12":3,"13":3,"14":8,"15":8,"16":5,"17":8,"18":2,"19":5,"20":1,"21":2},"f":{"0":17,"1":18,"2":12,"3":5,"4":2,"5":5,"6":1},"b":{"0":[0],"1":[8,16],"2":[6,18],"3":[24,23,8],"4":[5,3],"5":[5]}}
,"/Users/aaro.korhonen@schibsted.com/TenPercent/configate-trace/src/env-loader.ts": {"path":"/Users/aaro.korhonen@schibsted.com/TenPercent/configate-trace/src/env-loader.ts","statementMap":{"0":{"start":{"line":5,"column":4},"end":{"line":5,"column":43}},"1":{"start":{"line":9,"column":4},"end":{"line":9,"column":28}},"2":{"start":{"line":13,"column":40},"end":{"line":13,"column":42}},"3":{"start":{"line":15,"column":4},"end":{"line":20,"column":5}},"4":{"start":{"line":16,"column":20},"end":{"line":16,"column":41}},"5":{"start":{"line":17,"column":6},"end":{"line":19,"column":7}},"6":{"start":{"line":18,"column":8},"end":{"line":18,"column":66}},"7":{"start":{"line":22,"column":4},"end":{"line":22,"column":18}},"8":{"start":{"line":26,"column":18},"end":{"line":26,"column":21}},"9":{"start":{"line":28,"column":4},"end":{"line":36,"column":5}},"10":{"start":{"line":28,"column":17},"end":{"line":28,"column":18}},"11":{"start":{"line":29,"column":18},"end":{"line":29,"column":25}},"12":{"start":{"line":30,"column":6},"end":{"line":34,"column":7}},"13":{"start":{"line":31,"column":8},"end":{"line":31,"column":26}},"14":{"start":{"line":32,"column":13},"end":{"line":34,"column":7}},"15":{"start":{"line":33,"column":8},"end":{"line":33,"column":135}},"16":{"start":{"line":35,"column":6},"end":{"line":35,"column":29}},"17":{"start":{"line":38,"column":20},"end":{"line":38,"column":41}},"18":{"start":{"line":39,"column":4},"end":{"line":39,"column":46}},"19":{"start":{"line":44,"column":4},"end":{"line":46,"column":5}},"20":{"start":{"line":45,"column":6},"end":{"line":45,"column":33}},"21":{"start":{"line":47,"column":4},"end":{"line":49,"column":5}},"22":{"start":{"line":48,"column":6},"end":{"line":48,"column":31}},"23":{"start":{"line":52,"column":4},"end":{"line":52,"column":52}},"24":{"start":{"line":52,"column":40},"end":{"line":52,"column":52}},"25":{"start":{"line":53,"column":4},"end":{"line":53,"column":54}},"26":{"start":{"line":53,"column":41},"end":{"line":53,"column":54}},"27":{"start":{"line":56,"column":4},"end":{"line":61,"column":5}},"28":{"start":{"line":57,"column":6},"end":{"line":57,"column":31}},"29":{"start":{"line":60,"column":6},"end":{"line":60,"column":19}},"30":{"start":{"line":1,"column":0},"end":{"line":1,"column":13}}},"fnMap":{"0":{"name":"(anonymous_0)","decl":{"start":{"line":4,"column":2},"end":{"line":4,"column":14}},"loc":{"start":{"line":4,"column":48},"end":{"line":6,"column":3}}},"1":{"name":"(anonymous_1)","decl":{"start":{"line":8,"column":9},"end":{"line":8,"column":17}},"loc":{"start":{"line":8,"column":29},"end":{"line":10,"column":3}}},"2":{"name":"(anonymous_2)","decl":{"start":{"line":12,"column":9},"end":{"line":12,"column":24}},"loc":{"start":{"line":12,"column":56},"end":{"line":23,"column":3}}},"3":{"name":"(anonymous_3)","decl":{"start":{"line":25,"column":10},"end":{"line":25,"column":24}},"loc":{"start":{"line":25,"column":80},"end":{"line":40,"column":3}}},"4":{"name":"(anonymous_4)","decl":{"start":{"line":42,"column":10},"end":{"line":42,"column":20}},"loc":{"start":{"line":42,"column":34},"end":{"line":62,"column":3}}}},"branchMap":{"0":{"loc":{"start":{"line":5,"column":18},"end":{"line":5,"column":42}},"type":"binary-expr","locations":[{"start":{"line":5,"column":18},"end":{"line":5,"column":27}},{"start":{"line":5,"column":31},"end":{"line":5,"column":42}}]},"1":{"loc":{"start":{"line":17,"column":6},"end":{"line":19,"column":7}},"type":"if","locations":[{"start":{"line":17,"column":6},"end":{"line":19,"column":7}}]},"2":{"loc":{"start":{"line":30,"column":6},"end":{"line":34,"column":7}},"type":"if","locations":[{"start":{"line":30,"column":6},"end":{"line":34,"column":7}},{"start":{"line":32,"column":13},"end":{"line":34,"column":7}}]},"3":{"loc":{"start":{"line":32,"column":13},"end":{"line":34,"column":7}},"type":"if","locations":[{"start":{"line":32,"column":13},"end":{"line":34,"column":7}}]},"4":{"loc":{"start":{"line":44,"column":4},"end":{"line":46,"column":5}},"type":"if","locations":[{"start":{"line":44,"column":4},"end":{"line":46,"column":5}}]},"5":{"loc":{"start":{"line":47,"column":4},"end":{"line":49,"column":5}},"type":"if","locations":[{"start":{"line":47,"column":4},"end":{"line":49,"column":5}}]},"6":{"loc":{"start":{"line":52,"column":4},"end":{"line":52,"column":52}},"type":"if","locations":[{"start":{"line":52,"column":4},"end":{"line":52,"column":52}}]},"7":{"loc":{"start":{"line":53,"column":4},"end":{"line":53,"column":54}},"type":"if","locations":[{"start":{"line":53,"column":4},"end":{"line":53,"column":54}}]}},"s":{"0":21,"1":15,"2":9,"3":9,"4":13,"5":13,"6":11,"7":8,"8":11,"9":11,"10":11,"11":9,"12":9,"13":6,"14":3,"15":1,"16":8,"17":10,"18":10,"19":10,"20":2,"21":8,"22":1,"23":7,"24":1,"25":6,"26":0,"27":6,"28":6,"29":5,"30":2},"f":{"0":21,"1":15,"2":9,"3":11,"4":10},"b":{"0":[21,11],"1":[11],"2":[6,3],"3":[1],"4":[2],"5":[1],"6":[1],"7":[0]}}
,"/Users/aaro.korhonen@schibsted.com/TenPercent/configate-trace/src/index.ts": {"path":"/Users/aaro.korhonen@schibsted.com/TenPercent/configate-trace/src/index.ts","statementMap":{"0":{"start":{"line":1,"column":0},"end":{"line":1,"column":36}},"1":{"start":{"line":2,"column":0},"end":{"line":2,"column":26}},"2":{"start":{"line":3,"column":0},"end":{"line":3,"column":42}},"3":{"start":{"line":4,"column":0},"end":{"line":4,"column":60}},"4":{"start":{"line":6,"column":0},"end":{"line":6,"column":53}},"5":{"start":{"line":8,"column":16},"end":{"line":8,"column":29}},"6":{"start":{"line":10,"column":0},"end":{"line":73,"column":5}},"7":{"start":{"line":19,"column":4},"end":{"line":72,"column":5}},"8":{"start":{"line":20,"column":21},"end":{"line":20,"column":46}},"9":{"start":{"line":21,"column":26},"end":{"line":21,"column":60}},"10":{"start":{"line":23,"column":6},"end":{"line":26,"column":7}},"11":{"start":{"line":24,"column":8},"end":{"line":24,"column":106}},"12":{"start":{"line":25,"column":8},"end":{"line":25,"column":24}},"13":{"start":{"line":28,"column":22},"end":{"line":28,"column":27}},"14":{"start":{"line":31,"column":6},"end":{"line":49,"column":7}},"15":{"start":{"line":32,"column":8},"end":{"line":48,"column":9}},"16":{"start":{"line":33,"column":26},"end":{"line":33,"column":59}},"17":{"start":{"line":34,"column":10},"end":{"line":36,"column":11}},"18":{"start":{"line":35,"column":12},"end":{"line":35,"column":69}},"19":{"start":{"line":38,"column":10},"end":{"line":38,"column":27}},"20":{"start":{"line":39,"column":10},"end":{"line":47,"column":11}},"21":{"start":{"line":40,"column":12},"end":{"line":40,"column":68}},"22":{"start":{"line":41,"column":12},"end":{"line":41,"column":59}},"23":{"start":{"line":42,"column":12},"end":{"line":44,"column":13}},"24":{"start":{"line":43,"column":14},"end":{"line":43,"column":75}},"25":{"start":{"line":46,"column":12},"end":{"line":46,"column":126}},"26":{"start":{"line":52,"column":6},"end":{"line":54,"column":7}},"27":{"start":{"line":53,"column":8},"end":{"line":53,"column":119}},"28":{"start":{"line":57,"column":21},"end":{"line":59,"column":69}},"29":{"start":{"line":61,"column":6},"end":{"line":61,"column":26}},"30":{"start":{"line":63,"column":6},"end":{"line":70,"column":7}},"31":{"start":{"line":64,"column":8},"end":{"line":64,"column":72}},"32":{"start":{"line":65,"column":8},"end":{"line":67,"column":9}},"33":{"start":{"line":66,"column":10},"end":{"line":66,"column":67}},"34":{"start":{"line":69,"column":8},"end":{"line":69,"column":91}},"35":{"start":{"line":71,"column":6},"end":{"line":71,"column":22}},"36":{"start":{"line":75,"column":0},"end":{"line":75,"column":16}}},"fnMap":{"0":{"name":"(anonymous_1)","decl":{"start":{"line":18,"column":10},"end":{"line":18,"column":15}},"loc":{"start":{"line":18,"column":43},"end":{"line":73,"column":3}}}},"branchMap":{"0":{"loc":{"start":{"line":23,"column":6},"end":{"line":26,"column":7}},"type":"if","locations":[{"start":{"line":23,"column":6},"end":{"line":26,"column":7}}]},"1":{"loc":{"start":{"line":34,"column":10},"end":{"line":36,"column":11}},"type":"if","locations":[{"start":{"line":34,"column":10},"end":{"line":36,"column":11}}]},"2":{"loc":{"start":{"line":39,"column":10},"end":{"line":47,"column":11}},"type":"if","locations":[{"start":{"line":39,"column":10},"end":{"line":47,"column":11}},{"start":{"line":45,"column":17},"end":{"line":47,"column":11}}]},"3":{"loc":{"start":{"line":42,"column":12},"end":{"line":44,"column":13}},"type":"if","locations":[{"start":{"line":42,"column":12},"end":{"line":44,"column":13}}]},"4":{"loc":{"start":{"line":46,"column":67},"end":{"line":46,"column":121}},"type":"cond-expr","locations":[{"start":{"line":46,"column":92},"end":{"line":46,"column":105}},{"start":{"line":46,"column":108},"end":{"line":46,"column":121}}]},"5":{"loc":{"start":{"line":52,"column":6},"end":{"line":54,"column":7}},"type":"if","locations":[{"start":{"line":52,"column":6},"end":{"line":54,"column":7}}]},"6":{"loc":{"start":{"line":57,"column":21},"end":{"line":59,"column":69}},"type":"cond-expr","locations":[{"start":{"line":58,"column":10},"end":{"line":58,"column":61}},{"start":{"line":59,"column":10},"end":{"line":59,"column":69}}]},"7":{"loc":{"start":{"line":63,"column":6},"end":{"line":70,"column":7}},"type":"if","locations":[{"start":{"line":63,"column":6},"end":{"line":70,"column":7}},{"start":{"line":68,"column":13},"end":{"line":70,"column":7}}]},"8":{"loc":{"start":{"line":65,"column":8},"end":{"line":67,"column":9}},"type":"if","locations":[{"start":{"line":65,"column":8},"end":{"line":67,"column":9}}]},"9":{"loc":{"start":{"line":69,"column":43},"end":{"line":69,"column":89}},"type":"cond-expr","locations":[{"start":{"line":69,"column":68},"end":{"line":69,"column":81}},{"start":{"line":69,"column":84},"end":{"line":69,"column":89}}]}},"s":{"0":0,"1":0,"2":0,"3":0,"4":0,"5":0,"6":0,"7":0,"8":0,"9":0,"10":0,"11":0,"12":0,"13":0,"14":0,"15":0,"16":0,"17":0,"18":0,"19":0,"20":0,"21":0,"22":0,"23":0,"24":0,"25":0,"26":0,"27":0,"28":0,"29":0,"30":0,"31":0,"32":0,"33":0,"34":0,"35":0,"36":0},"f":{"0":0},"b":{"0":[0],"1":[0],"2":[0,0],"3":[0],"4":[0,0],"5":[0],"6":[0,0],"7":[0,0],"8":[0],"9":[0,0]}}
,"/Users/aaro.korhonen@schibsted.com/TenPercent/configate-trace/src/module-loader.ts": {"path":"/Users/aaro.korhonen@schibsted.com/TenPercent/configate-trace/src/module-loader.ts","statementMap":{"0":{"start":{"line":1,"column":0},"end":{"line":1,"column":35}},"1":{"start":{"line":2,"column":0},"end":{"line":2,"column":24}},"2":{"start":{"line":8,"column":4},"end":{"line":17,"column":5}},"3":{"start":{"line":9,"column":6},"end":{"line":15,"column":9}},"4":{"start":{"line":16,"column":6},"end":{"line":16,"column":41}},"5":{"start":{"line":21,"column":16},"end":{"line":21,"column":38}},"6":{"start":{"line":23,"column":4},"end":{"line":25,"column":5}},"7":{"start":{"line":24,"column":6},"end":{"line":24,"column":32}},"8":{"start":{"line":27,"column":4},"end":{"line":35,"column":5}},"9":{"start":{"line":29,"column":6},"end":{"line":29,"column":54}},"10":{"start":{"line":31,"column":21},"end":{"line":31,"column":38}},"11":{"start":{"line":32,"column":6},"end":{"line":32,"column":38}},"12":{"start":{"line":34,"column":6},"end":{"line":34,"column":118}},"13":{"start":{"line":4,"column":0},"end":{"line":4,"column":13}},"14":{"start":{"line":5,"column":17},"end":{"line":5,"column":48}}},"fnMap":{"0":{"name":"(anonymous_1)","decl":{"start":{"line":7,"column":10},"end":{"line":7,"column":16}},"loc":{"start":{"line":7,"column":35},"end":{"line":18,"column":3}}},"1":{"name":"(anonymous_2)","decl":{"start":{"line":20,"column":9},"end":{"line":20,"column":15}},"loc":{"start":{"line":20,"column":49},"end":{"line":36,"column":3}}}},"branchMap":{"0":{"loc":{"start":{"line":8,"column":4},"end":{"line":17,"column":5}},"type":"if","locations":[{"start":{"line":8,"column":4},"end":{"line":17,"column":5}}]},"1":{"loc":{"start":{"line":23,"column":4},"end":{"line":25,"column":5}},"type":"if","locations":[{"start":{"line":23,"column":4},"end":{"line":25,"column":5}}]},"2":{"loc":{"start":{"line":32,"column":13},"end":{"line":32,"column":37}},"type":"binary-expr","locations":[{"start":{"line":32,"column":13},"end":{"line":32,"column":27}},{"start":{"line":32,"column":31},"end":{"line":32,"column":37}}]},"3":{"loc":{"start":{"line":34,"column":60},"end":{"line":34,"column":114}},"type":"cond-expr","locations":[{"start":{"line":34,"column":85},"end":{"line":34,"column":98}},{"start":{"line":34,"column":101},"end":{"line":34,"column":114}}]}},"s":{"0":0,"1":0,"2":0,"3":0,"4":0,"5":0,"6":0,"7":0,"8":0,"9":0,"10":0,"11":0,"12":0,"13":0,"14":0},"f":{"0":0,"1":0},"b":{"0":[0],"1":[0],"2":[0,0],"3":[0,0]}}
}
