TN:
SF:src/config-formatter.ts
FN:5,(anonymous_1)
FN:34,(anonymous_2)
FNF:2
FNH:2
FNDA:2,(anonymous_1)
FNDA:3,(anonymous_2)
DA:1,1
DA:4,1
DA:6,2
DA:8,2
DA:11,2
DA:12,4
DA:13,5
DA:14,3
DA:16,5
DA:21,2
DA:22,2
DA:23,3
DA:24,3
DA:25,3
DA:26,5
DA:28,3
DA:31,2
DA:35,3
LF:18
LH:18
BRDA:13,0,0,3
BRF:1
BRH:1
end_of_record
TN:
SF:src/config-loader.ts
FN:9,(anonymous_1)
FN:23,(anonymous_2)
FN:32,(anonymous_3)
FN:44,(anonymous_4)
FN:50,(anonymous_5)
FN:59,(anonymous_6)
FN:74,(anonymous_7)
FN:113,(anonymous_8)
FN:146,(anonymous_9)
FN:150,(anonymous_10)
FNF:10
FNH:10
FNDA:6,(anonymous_1)
FNDA:14,(anonymous_2)
FNDA:14,(anonymous_3)
FNDA:8,(anonymous_4)
FNDA:49,(anonymous_5)
FNDA:45,(anonymous_6)
FNDA:4,(anonymous_7)
FNDA:5,(anonymous_8)
FNDA:1,(anonymous_9)
FNDA:1,(anonymous_10)
DA:1,1
DA:2,1
DA:4,1
DA:5,1
DA:6,1
DA:8,1
DA:9,6
DA:10,6
DA:11,6
DA:15,1
DA:19,14
DA:24,14
DA:25,11
DA:26,11
DA:27,11
DA:28,11
DA:29,11
DA:33,14
DA:34,1
DA:36,13
DA:37,1
DA:39,12
DA:40,1
DA:45,8
DA:46,6
DA:51,49
DA:52,49
DA:53,6
DA:55,43
DA:60,45
DA:62,9
DA:64,9
DA:66,9
DA:68,9
DA:70,9
DA:75,4
DA:76,4
DA:77,4
DA:86,4
DA:87,1
DA:90,3
DA:91,15
DA:92,45
DA:93,45
DA:95,45
DA:96,3
DA:97,3
DA:106,3
DA:108,1
DA:109,0
DA:114,5
DA:116,5
DA:119,5
DA:121,3
DA:122,3
DA:123,2
DA:126,2
DA:127,2
DA:128,1
DA:131,3
DA:133,1
DA:136,3
DA:137,3
DA:139,2
DA:147,1
DA:151,1
LF:66
LH:65
BRDA:33,0,0,1
BRDA:36,1,0,1
BRDA:39,2,0,1
BRDA:39,3,0,12
BRDA:39,3,1,12
BRDA:45,4,0,6
BRDA:60,5,0,9
BRDA:60,5,1,9
BRDA:60,5,2,9
BRDA:60,5,3,9
BRDA:60,5,4,9
BRDA:86,6,0,1
BRDA:95,7,0,3
BRDA:108,8,0,1
BRDA:119,9,0,3
BRDA:119,9,1,2
BRDA:119,9,2,2
BRDA:131,10,0,1
BRF:18
BRH:18
end_of_record
TN:
SF:src/config-merger.ts
FN:3,(anonymous_0)
FN:6,(anonymous_1)
FN:22,(anonymous_2)
FN:26,(anonymous_3)
FN:30,(anonymous_4)
FN:47,(anonymous_5)
FN:51,(anonymous_6)
FNF:7
FNH:7
FNDA:17,(anonymous_0)
FNDA:18,(anonymous_1)
FNDA:12,(anonymous_2)
FNDA:5,(anonymous_3)
FNDA:2,(anonymous_4)
FNDA:5,(anonymous_5)
FNDA:1,(anonymous_6)
DA:3,2
DA:4,17
DA:7,18
DA:8,24
DA:9,24
DA:11,24
DA:12,6
DA:14,18
DA:23,12
DA:27,5
DA:31,2
DA:33,2
DA:34,3
DA:35,3
DA:37,3
DA:38,8
DA:39,8
DA:40,5
DA:42,8
DA:46,2
DA:47,5
DA:52,1
LF:22
LH:22
BRDA:6,0,0,0
BRDA:9,1,0,8
BRDA:9,1,1,16
BRDA:11,2,0,6
BRDA:11,2,1,18
BRDA:11,3,0,24
BRDA:11,3,1,23
BRDA:11,3,2,8
BRDA:38,4,0,5
BRDA:38,4,1,3
BRDA:39,5,0,5
BRF:11
BRH:10
end_of_record
TN:
SF:src/env-loader.ts
FN:4,(anonymous_0)
FN:8,(anonymous_1)
FN:12,(anonymous_2)
FN:25,(anonymous_3)
FN:42,(anonymous_4)
FNF:5
FNH:5
FNDA:21,(anonymous_0)
FNDA:15,(anonymous_1)
FNDA:9,(anonymous_2)
FNDA:11,(anonymous_3)
FNDA:10,(anonymous_4)
DA:1,2
DA:5,21
DA:9,15
DA:13,9
DA:15,9
DA:16,13
DA:17,13
DA:18,11
DA:22,8
DA:26,11
DA:28,11
DA:29,9
DA:30,9
DA:31,6
DA:32,3
DA:33,1
DA:35,8
DA:38,10
DA:39,10
DA:44,10
DA:45,2
DA:47,8
DA:48,1
DA:52,7
DA:53,6
DA:56,6
DA:57,6
DA:60,5
LF:28
LH:28
BRDA:5,0,0,21
BRDA:5,0,1,11
BRDA:17,1,0,11
BRDA:30,2,0,6
BRDA:30,2,1,3
BRDA:32,3,0,1
BRDA:44,4,0,2
BRDA:47,5,0,1
BRDA:52,6,0,1
BRDA:53,7,0,0
BRF:10
BRH:9
end_of_record
TN:
SF:src/index.ts
FN:18,(anonymous_1)
FNF:1
FNH:0
FNDA:0,(anonymous_1)
DA:1,0
DA:2,0
DA:3,0
DA:4,0
DA:6,0
DA:8,0
DA:10,0
DA:19,0
DA:20,0
DA:21,0
DA:23,0
DA:24,0
DA:25,0
DA:28,0
DA:31,0
DA:32,0
DA:33,0
DA:34,0
DA:35,0
DA:38,0
DA:39,0
DA:40,0
DA:41,0
DA:42,0
DA:43,0
DA:46,0
DA:52,0
DA:53,0
DA:57,0
DA:61,0
DA:63,0
DA:64,0
DA:65,0
DA:66,0
DA:69,0
DA:71,0
DA:75,0
LF:37
LH:0
BRDA:23,0,0,0
BRDA:34,1,0,0
BRDA:39,2,0,0
BRDA:39,2,1,0
BRDA:42,3,0,0
BRDA:46,4,0,0
BRDA:46,4,1,0
BRDA:52,5,0,0
BRDA:57,6,0,0
BRDA:57,6,1,0
BRDA:63,7,0,0
BRDA:63,7,1,0
BRDA:65,8,0,0
BRDA:69,9,0,0
BRDA:69,9,1,0
BRF:15
BRH:0
end_of_record
TN:
SF:src/module-loader.ts
FN:7,(anonymous_1)
FN:20,(anonymous_2)
FNF:2
FNH:0
FNDA:0,(anonymous_1)
FNDA:0,(anonymous_2)
DA:1,0
DA:2,0
DA:4,0
DA:5,0
DA:8,0
DA:9,0
DA:16,0
DA:21,0
DA:23,0
DA:24,0
DA:27,0
DA:29,0
DA:31,0
DA:32,0
DA:34,0
LF:15
LH:0
BRDA:8,0,0,0
BRDA:23,1,0,0
BRDA:32,2,0,0
BRDA:32,2,1,0
BRDA:34,3,0,0
BRDA:34,3,1,0
BRF:6
BRH:0
end_of_record
